<?xml version="1.0" encoding="UTF-8"?>
<!-- Generated by org.testng.reporters.JUnitReportReporter -->
<testsuite hostname="LMYPF1HJKSM" failures="0" tests="9" name="TestNGPkg.TestNGPractice1" time="3.702" errors="0" timestamp="2021-08-09T09:10:43 SGT" skipped="0">
  <testcase classname="TestNGPkg.TestNGPractice1" name="openURL" time="2.488"/>
  <system-out/>
  <testcase classname="TestNGPkg.TestNGPractice1" name="keyInFirstName" time="0.099"/>
  <system-out/>
  <testcase classname="TestNGPkg.TestNGPractice1" name="keyInLastName" time="0.106"/>
  <system-out/>
  <testcase classname="TestNGPkg.TestNGPractice1" name="keyInEmail" time="0.134"/>
  <system-out/>
  <testcase classname="TestNGPkg.TestNGPractice1" name="keyInPhno" time="0.095"/>
  <system-out/>
  <testcase classname="TestNGPkg.TestNGPractice1" name="keyInPwd" time="0.118"/>
  <system-out/>
  <testcase classname="TestNGPkg.TestNGPractice1" name="keyInConfirmPwd" time="0.093"/>
  <system-out/>
  <testcase classname="TestNGPkg.TestNGPractice1" name="policy" time="0.069"/>
  <system-out/>
  <testcase classname="TestNGPkg.TestNGPractice1" name="submit" time="0.500"/>
  <system-out/>
</testsuite> <!-- TestNGPkg.TestNGPractice1 -->
